<?xml version="1.0" encoding="UTF-8"?>
<!-- Generated by org.testng.reporters.JUnitReportReporter -->
<testsuite hostname="Gyaneshs-MacBook-Pro.local" failures="0" tests="1" name="tests.LoginTest" time="7.504" errors="0" timestamp="2025-08-31T19:35:53 IST" skipped="0">
  <testcase classname="tests.LoginTest" name="loginTest" time="7.504"/>
</testsuite> <!-- tests.LoginTest -->
