<?xml version="1.0" encoding="UTF-8"?>
<!-- Generated by org.testng.reporters.JUnitReportReporter -->
<testsuite hostname="Gyaneshs-MacBook-Pro.local" failures="0" tests="2" name="tests.LoginTest" time="14.574" errors="0" timestamp="2025-08-31T20:40:26 IST" skipped="0">
  <testcase classname="tests.LoginTest" name="loginTest" time="9.973"/>
  <testcase classname="tests.LoginTest" name="loginTitleTest" time="4.601"/>
</testsuite> <!-- tests.LoginTest -->
