<?xml version="1.0" encoding="UTF-8"?>
<!-- Generated by org.testng.reporters.JUnitReportReporter -->
<testsuite hostname="Gyaneshs-MacBook-Pro.local" failures="0" tests="2" name="tests.LoginTest" time="12.801" errors="0" timestamp="2025-09-01T15:48:39 IST" skipped="0">
  <testcase classname="tests.LoginTest" name="loginTitleTest" time="5.383"/>
  <testcase classname="tests.LoginTest" name="loginTest" time="7.418"/>
</testsuite> <!-- tests.LoginTest -->
