<?xml version="1.0" encoding="UTF-8"?>
<!-- Generated by org.testng.reporters.JUnitReportReporter -->
<testsuite hostname="Gyaneshs-MacBook-Pro.local" failures="0" tests="1" name="tests.LoginTest" time="7.603" errors="0" timestamp="2025-08-31T20:34:54 IST" skipped="0">
  <testcase classname="tests.LoginTest" name="loginTest" time="7.603"/>
</testsuite> <!-- tests.LoginTest -->
